C:\USERS\ADMIN\DESKTOP\KINECT2\BUILD\WIN32\DEBUG\IO.OBJ
C:\USERS\ADMIN\DESKTOP\KINECT2\BUILD\WIN32\DEBUG\LIBSKELETON.OBJ
C:\USERS\ADMIN\DESKTOP\KINECT2\BUILD\WIN32\DEBUG\SERIALIZER.OBJ
C:\USERS\ADMIN\DESKTOP\KINECT2\BUILD\WIN32\DEBUG\SKELETON.OBJ
C:\USERS\ADMIN\DESKTOP\KINECT2\BUILD\WIN32\DEBUG\SKELETONSET.OBJ
C:\USERS\ADMIN\DESKTOP\KINECT2\BUILD\WIN32\DEBUG\SKELETONSETSEQUENCE.OBJ
C:\USERS\ADMIN\DESKTOP\KINECT2\BUILD\WIN32\DEBUG\VC110.PDB
C:\USERS\ADMIN\DESKTOP\KINECT2\BUILD\WIN32\DEBUG\KINECT4WLIVE.OBJ
C:\USERS\ADMIN\DESKTOP\KINECT2\BUILD\WIN32\DEBUG\KINECTTHREAD.OBJ
C:\USERS\ADMIN\DESKTOP\KINECT2\BUILD\WIN32\DEBUG\LIBKINECTINTERFACE2.OBJ
C:\USERS\ADMIN\DESKTOP\KINECT2\BUILD\WIN32\DEBUG\TIMERS.OBJ
C:\USERS\ADMIN\DESKTOP\KINECT2\BUILD\WIN32\DEBUG\WRITERTHREAD.OBJ
C:\USERS\ADMIN\DESKTOP\KINECT2\BUILD\WIN32\DEBUG\KINECTTEST2.OBJ
C:\USERS\ADMIN\DESKTOP\KINECT2\BUILD\WIN32\DEBUG\CONFIGIO.OBJ
C:\USERS\ADMIN\DESKTOP\KINECT2\BUILD\WIN32\DEBUG\KINECTRECORDER.OBJ
C:\USERS\ADMIN\DESKTOP\KINECT2\LIB\LIBSKELETOND.LIB
C:\USERS\ADMIN\DESKTOP\KINECT2\LIB\LIBKINECTINTERFACE2D.LIB
C:\USERS\ADMIN\DESKTOP\KINECT2\BIN\KINECTRECORDERD.ILK
C:\USERS\ADMIN\DESKTOP\KINECT2\BIN\KINECTRECORDERD.EXE
C:\USERS\ADMIN\DESKTOP\KINECT2\BIN\KINECTRECORDERD.PDB
C:\USERS\ADMIN\DESKTOP\KINECT2\BIN\KINECTTEST2D.ILK
C:\USERS\ADMIN\DESKTOP\KINECT2\BIN\KINECTTEST2D.EXE
C:\USERS\ADMIN\DESKTOP\KINECT2\BIN\KINECTTEST2D.PDB
C:\Users\Admin\Desktop\Kinect2\build\Win32\Debug\libKinectInterface2.vcxprojResolveAssemblyReference.cache
C:\Users\Admin\Desktop\Kinect2\build\Win32\Debug\configio.obj
C:\Users\Admin\Desktop\Kinect2\build\Win32\Debug\io.obj
C:\Users\Admin\Desktop\Kinect2\build\Win32\Debug\Kinect4WLive.obj
C:\Users\Admin\Desktop\Kinect2\build\Win32\Debug\kinectRecorder.obj
C:\Users\Admin\Desktop\Kinect2\build\Win32\Debug\kinectTest2.obj
C:\Users\Admin\Desktop\Kinect2\build\Win32\Debug\kinectThread.obj
C:\Users\Admin\Desktop\Kinect2\build\Win32\Debug\libKinectInterface2.obj
C:\Users\Admin\Desktop\Kinect2\build\Win32\Debug\libSkeleton.obj
C:\Users\Admin\Desktop\Kinect2\build\Win32\Debug\serializer.obj
C:\Users\Admin\Desktop\Kinect2\build\Win32\Debug\Skeleton.obj
C:\Users\Admin\Desktop\Kinect2\build\Win32\Debug\SkeletonSet.obj
C:\Users\Admin\Desktop\Kinect2\build\Win32\Debug\SkeletonSetSequence.obj
C:\Users\Admin\Desktop\Kinect2\build\Win32\Debug\timers.obj
C:\Users\Admin\Desktop\Kinect2\build\Win32\Debug\WriterThread.obj
C:\Users\Admin\Desktop\Kinect2\build\Win32\Debug\cl.command.1.tlog
C:\Users\Admin\Desktop\Kinect2\build\Win32\Debug\CL.read.1.tlog
C:\Users\Admin\Desktop\Kinect2\build\Win32\Debug\CL.write.1.tlog
C:\Users\Admin\Desktop\Kinect2\build\Win32\Debug\Lib-link.read.1.tlog
C:\Users\Admin\Desktop\Kinect2\build\Win32\Debug\Lib-link.write.1.tlog
C:\Users\Admin\Desktop\Kinect2\build\Win32\Debug\lib.command.1.tlog
C:\Users\Admin\Desktop\Kinect2\build\Win32\Debug\link-cvtres.read.1.tlog
C:\Users\Admin\Desktop\Kinect2\build\Win32\Debug\link-cvtres.write.1.tlog
C:\Users\Admin\Desktop\Kinect2\build\Win32\Debug\link-rc.read.1.tlog
C:\Users\Admin\Desktop\Kinect2\build\Win32\Debug\link-rc.write.1.tlog
C:\Users\Admin\Desktop\Kinect2\build\Win32\Debug\link.1660-cvtres.read.1.tlog
C:\Users\Admin\Desktop\Kinect2\build\Win32\Debug\link.1660-cvtres.write.1.tlog
C:\Users\Admin\Desktop\Kinect2\build\Win32\Debug\link.1660-rc.read.1.tlog
C:\Users\Admin\Desktop\Kinect2\build\Win32\Debug\link.1660-rc.write.1.tlog
C:\Users\Admin\Desktop\Kinect2\build\Win32\Debug\link.1660.read.1.tlog
C:\Users\Admin\Desktop\Kinect2\build\Win32\Debug\link.1660.read.2.tlog
C:\Users\Admin\Desktop\Kinect2\build\Win32\Debug\link.1660.write.1.tlog
C:\Users\Admin\Desktop\Kinect2\build\Win32\Debug\link.32-cvtres.read.1.tlog
C:\Users\Admin\Desktop\Kinect2\build\Win32\Debug\link.32-cvtres.write.1.tlog
C:\Users\Admin\Desktop\Kinect2\build\Win32\Debug\link.32-rc.read.1.tlog
C:\Users\Admin\Desktop\Kinect2\build\Win32\Debug\link.32-rc.write.1.tlog
C:\Users\Admin\Desktop\Kinect2\build\Win32\Debug\link.32.read.1.tlog
C:\Users\Admin\Desktop\Kinect2\build\Win32\Debug\link.32.read.2.tlog
C:\Users\Admin\Desktop\Kinect2\build\Win32\Debug\link.32.write.1.tlog
C:\Users\Admin\Desktop\Kinect2\build\Win32\Debug\link.3312-cvtres.read.1.tlog
C:\Users\Admin\Desktop\Kinect2\build\Win32\Debug\link.3312-cvtres.write.1.tlog
C:\Users\Admin\Desktop\Kinect2\build\Win32\Debug\link.3312-rc.read.1.tlog
C:\Users\Admin\Desktop\Kinect2\build\Win32\Debug\link.3312-rc.write.1.tlog
C:\Users\Admin\Desktop\Kinect2\build\Win32\Debug\link.3312.read.1.tlog
C:\Users\Admin\Desktop\Kinect2\build\Win32\Debug\link.3312.read.2.tlog
C:\Users\Admin\Desktop\Kinect2\build\Win32\Debug\link.3312.write.1.tlog
C:\Users\Admin\Desktop\Kinect2\build\Win32\Debug\link.3696-cvtres.read.1.tlog
C:\Users\Admin\Desktop\Kinect2\build\Win32\Debug\link.3696-cvtres.write.1.tlog
C:\Users\Admin\Desktop\Kinect2\build\Win32\Debug\link.3696-rc.read.1.tlog
C:\Users\Admin\Desktop\Kinect2\build\Win32\Debug\link.3696-rc.write.1.tlog
C:\Users\Admin\Desktop\Kinect2\build\Win32\Debug\link.3696.read.1.tlog
C:\Users\Admin\Desktop\Kinect2\build\Win32\Debug\link.3696.read.2.tlog
C:\Users\Admin\Desktop\Kinect2\build\Win32\Debug\link.3696.write.1.tlog
C:\Users\Admin\Desktop\Kinect2\build\Win32\Debug\link.4080-cvtres.read.1.tlog
C:\Users\Admin\Desktop\Kinect2\build\Win32\Debug\link.4080-cvtres.write.1.tlog
C:\Users\Admin\Desktop\Kinect2\build\Win32\Debug\link.4080-rc.read.1.tlog
C:\Users\Admin\Desktop\Kinect2\build\Win32\Debug\link.4080-rc.write.1.tlog
C:\Users\Admin\Desktop\Kinect2\build\Win32\Debug\link.4080.read.1.tlog
C:\Users\Admin\Desktop\Kinect2\build\Win32\Debug\link.4080.read.2.tlog
C:\Users\Admin\Desktop\Kinect2\build\Win32\Debug\link.4080.write.1.tlog
C:\Users\Admin\Desktop\Kinect2\build\Win32\Debug\link.4652-cvtres.read.1.tlog
C:\Users\Admin\Desktop\Kinect2\build\Win32\Debug\link.4652-cvtres.write.1.tlog
C:\Users\Admin\Desktop\Kinect2\build\Win32\Debug\link.4652-rc.read.1.tlog
C:\Users\Admin\Desktop\Kinect2\build\Win32\Debug\link.4652-rc.write.1.tlog
C:\Users\Admin\Desktop\Kinect2\build\Win32\Debug\link.4652.read.1.tlog
C:\Users\Admin\Desktop\Kinect2\build\Win32\Debug\link.4652.read.2.tlog
C:\Users\Admin\Desktop\Kinect2\build\Win32\Debug\link.4652.write.1.tlog
C:\Users\Admin\Desktop\Kinect2\build\Win32\Debug\link.4676-cvtres.read.1.tlog
C:\Users\Admin\Desktop\Kinect2\build\Win32\Debug\link.4676-cvtres.write.1.tlog
C:\Users\Admin\Desktop\Kinect2\build\Win32\Debug\link.4676-rc.read.1.tlog
C:\Users\Admin\Desktop\Kinect2\build\Win32\Debug\link.4676-rc.write.1.tlog
C:\Users\Admin\Desktop\Kinect2\build\Win32\Debug\link.4676.read.1.tlog
C:\Users\Admin\Desktop\Kinect2\build\Win32\Debug\link.4676.read.2.tlog
C:\Users\Admin\Desktop\Kinect2\build\Win32\Debug\link.4676.write.1.tlog
C:\Users\Admin\Desktop\Kinect2\build\Win32\Debug\link.4976-cvtres.read.1.tlog
C:\Users\Admin\Desktop\Kinect2\build\Win32\Debug\link.4976-cvtres.write.1.tlog
C:\Users\Admin\Desktop\Kinect2\build\Win32\Debug\link.4976-rc.read.1.tlog
C:\Users\Admin\Desktop\Kinect2\build\Win32\Debug\link.4976-rc.write.1.tlog
C:\Users\Admin\Desktop\Kinect2\build\Win32\Debug\link.4976.read.1.tlog
C:\Users\Admin\Desktop\Kinect2\build\Win32\Debug\link.4976.read.2.tlog
C:\Users\Admin\Desktop\Kinect2\build\Win32\Debug\link.4976.write.1.tlog
C:\Users\Admin\Desktop\Kinect2\build\Win32\Debug\link.5384-cvtres.read.1.tlog
C:\Users\Admin\Desktop\Kinect2\build\Win32\Debug\link.5384-cvtres.write.1.tlog
C:\Users\Admin\Desktop\Kinect2\build\Win32\Debug\link.5384-rc.read.1.tlog
C:\Users\Admin\Desktop\Kinect2\build\Win32\Debug\link.5384-rc.write.1.tlog
C:\Users\Admin\Desktop\Kinect2\build\Win32\Debug\link.5384.read.1.tlog
C:\Users\Admin\Desktop\Kinect2\build\Win32\Debug\link.5384.read.2.tlog
C:\Users\Admin\Desktop\Kinect2\build\Win32\Debug\link.5384.write.1.tlog
C:\Users\Admin\Desktop\Kinect2\build\Win32\Debug\link.5488-cvtres.read.1.tlog
C:\Users\Admin\Desktop\Kinect2\build\Win32\Debug\link.5488-cvtres.write.1.tlog
C:\Users\Admin\Desktop\Kinect2\build\Win32\Debug\link.5488-rc.read.1.tlog
C:\Users\Admin\Desktop\Kinect2\build\Win32\Debug\link.5488-rc.write.1.tlog
C:\Users\Admin\Desktop\Kinect2\build\Win32\Debug\link.5488.read.1.tlog
C:\Users\Admin\Desktop\Kinect2\build\Win32\Debug\link.5488.read.2.tlog
C:\Users\Admin\Desktop\Kinect2\build\Win32\Debug\link.5488.write.1.tlog
C:\Users\Admin\Desktop\Kinect2\build\Win32\Debug\link.5612-cvtres.read.1.tlog
C:\Users\Admin\Desktop\Kinect2\build\Win32\Debug\link.5612-cvtres.write.1.tlog
C:\Users\Admin\Desktop\Kinect2\build\Win32\Debug\link.5612-rc.read.1.tlog
C:\Users\Admin\Desktop\Kinect2\build\Win32\Debug\link.5612-rc.write.1.tlog
C:\Users\Admin\Desktop\Kinect2\build\Win32\Debug\link.5612.read.1.tlog
C:\Users\Admin\Desktop\Kinect2\build\Win32\Debug\link.5612.read.2.tlog
C:\Users\Admin\Desktop\Kinect2\build\Win32\Debug\link.5612.write.1.tlog
C:\Users\Admin\Desktop\Kinect2\build\Win32\Debug\link.5712-cvtres.read.1.tlog
C:\Users\Admin\Desktop\Kinect2\build\Win32\Debug\link.5712-cvtres.write.1.tlog
C:\Users\Admin\Desktop\Kinect2\build\Win32\Debug\link.5712-rc.read.1.tlog
C:\Users\Admin\Desktop\Kinect2\build\Win32\Debug\link.5712-rc.write.1.tlog
C:\Users\Admin\Desktop\Kinect2\build\Win32\Debug\link.5712.read.1.tlog
C:\Users\Admin\Desktop\Kinect2\build\Win32\Debug\link.5712.read.2.tlog
C:\Users\Admin\Desktop\Kinect2\build\Win32\Debug\link.5712.write.1.tlog
C:\Users\Admin\Desktop\Kinect2\build\Win32\Debug\link.5820-cvtres.read.1.tlog
C:\Users\Admin\Desktop\Kinect2\build\Win32\Debug\link.5820-cvtres.write.1.tlog
C:\Users\Admin\Desktop\Kinect2\build\Win32\Debug\link.5820-rc.read.1.tlog
C:\Users\Admin\Desktop\Kinect2\build\Win32\Debug\link.5820-rc.write.1.tlog
C:\Users\Admin\Desktop\Kinect2\build\Win32\Debug\link.5820.read.1.tlog
C:\Users\Admin\Desktop\Kinect2\build\Win32\Debug\link.5820.read.2.tlog
C:\Users\Admin\Desktop\Kinect2\build\Win32\Debug\link.5820.write.1.tlog
C:\Users\Admin\Desktop\Kinect2\build\Win32\Debug\link.command.1.tlog
C:\Users\Admin\Desktop\Kinect2\build\Win32\Debug\link.read.1.tlog
C:\Users\Admin\Desktop\Kinect2\build\Win32\Debug\link.read.2.tlog
C:\Users\Admin\Desktop\Kinect2\build\Win32\Debug\link.write.1.tlog
C:\Users\Admin\Desktop\Kinect2\build\Win32\Debug\vc110.idb
C:\Users\Admin\Desktop\Kinect2\build\Win32\Debug\vc110.pdb
C:\Users\Admin\Desktop\Kinect2\src\..\bin\kinectRecorderD.exe
