Build started 6/3/2015 4:48:59 AM.
     1>Project "C:\Users\Admin\Desktop\Kinect2\src\kinectRecorder.vcxproj" on node 2 (Build target(s)).
     1>ClCompile:
         C:\Program Files (x86)\Microsoft Visual Studio 11.0\VC\bin\CL.exe /c /IC:\Libraries\VC11\SDKs\Eigen\include /IC:\Libraries\VC11\SDKs\jsoncpp\include /I"C:\Program Files\Microsoft SDKs\Kinect\v2.0_1409\inc" /IC:\OpenCV\build\include\ /IC:\OpenCV\build\include\opencv /ZI /nologo /W3 /WX- /Od /Oy- /D _MBCS /Gm /EHsc /RTC1 /MDd /GS /fp:precise /Zc:wchar_t /Zc:forScope /Fo"..\build\Win32\Debug\\" /Fd"..\build\Win32\Debug\vc110.pdb" /Gd /TP /analyze- /errorReport:prompt common\configio.cpp kinectRecorder\kinectRecorder.cpp
         kinectRecorder.cpp
     1>c:\users\admin\desktop\kinect2\src\libkinectinterface2\kinectthread.h(23): warning C4099: 'ImageWriter' : type name first seen using 'struct' now seen using 'class'
                 c:\users\admin\desktop\kinect2\src\libkinectinterface2\writerthread.h(130) : see declaration of 'ImageWriter'
     1>c:\users\admin\desktop\kinect2\src\libkinectinterface2\kinectthread.h(24): warning C4099: 'ThreadConfig' : type name first seen using 'struct' now seen using 'class'
                 c:\users\admin\desktop\kinect2\src\libkinectinterface2\writerthread.h(12) : see declaration of 'ThreadConfig'
         configio.cpp
         Generating Code...
       Link:
         C:\Program Files (x86)\Microsoft Visual Studio 11.0\VC\bin\link.exe /ERRORREPORT:PROMPT /OUT:"..\bin\kinectRecorderD.exe" /INCREMENTAL /NOLOGO /LIBPATH:..\lib libKinectInterface2D.lib libSkeletonD.lib /MANIFEST /MANIFESTUAC:"level='asInvoker' uiAccess='false'" /manifest:embed /DEBUG /PDB:"..\bin\kinectRecorderD.pdb" /TLBID:1 /DYNAMICBASE /NXCOMPAT /IMPLIB:"..\bin\kinectRecorderD.lib" /MACHINE:X86 ..\build\Win32\Debug\configio.obj
         ..\build\Win32\Debug\kinectRecorder.obj
     1>libSkeletonD.lib(json_writer.obj) : warning LNK4099: PDB 'vc110.pdb' was not found with 'libSkeletonD.lib(json_writer.obj)' or at 'C:\Users\Admin\Desktop\Kinect2\bin\vc110.pdb'; linking object as if no debug info
     1>libSkeletonD.lib(json_value.obj) : warning LNK4099: PDB 'vc110.pdb' was not found with 'libSkeletonD.lib(json_value.obj)' or at 'C:\Users\Admin\Desktop\Kinect2\bin\vc110.pdb'; linking object as if no debug info
         kinectRecorder.vcxproj -> C:\Users\Admin\Desktop\Kinect2\src\..\bin\kinectRecorderD.exe
     1>Done Building Project "C:\Users\Admin\Desktop\Kinect2\src\kinectRecorder.vcxproj" (Build target(s)).

Build succeeded.

Time Elapsed 00:00:03.85
