C:\USERS\FERDA\DOCUMENTS\KINECT2\TRUNK\BUILD\WIN32\RELEASE\SKELETONSETSEQUENCE.OBJ
C:\USERS\FERDA\DOCUMENTS\KINECT2\TRUNK\BUILD\WIN32\RELEASE\SKELETONSET.OBJ
C:\USERS\FERDA\DOCUMENTS\KINECT2\TRUNK\BUILD\WIN32\RELEASE\SKELETON.OBJ
C:\USERS\FERDA\DOCUMENTS\KINECT2\TRUNK\BUILD\WIN32\RELEASE\SERIALIZER.OBJ
C:\USERS\FERDA\DOCUMENTS\KINECT2\TRUNK\BUILD\WIN32\RELEASE\LIBSKELETON.OBJ
C:\USERS\FERDA\DOCUMENTS\KINECT2\TRUNK\BUILD\WIN32\RELEASE\IO.OBJ
C:\USERS\FERDA\DOCUMENTS\KINECT2\TRUNK\BUILD\WIN32\RELEASE\VC110.PDB
C:\USERS\FERDA\DOCUMENTS\KINECT2\TRUNK\LIB\LIBSKELETON.LIB
C:\Users\Ferda\Documents\Kinect2\trunk\build\Win32\Release\io.obj
C:\Users\Ferda\Documents\Kinect2\trunk\build\Win32\Release\libSkeleton.obj
C:\Users\Ferda\Documents\Kinect2\trunk\build\Win32\Release\serializer.obj
C:\Users\Ferda\Documents\Kinect2\trunk\build\Win32\Release\Skeleton.obj
C:\Users\Ferda\Documents\Kinect2\trunk\build\Win32\Release\SkeletonSet.obj
C:\Users\Ferda\Documents\Kinect2\trunk\build\Win32\Release\SkeletonSetSequence.obj
C:\Users\Ferda\Documents\Kinect2\trunk\build\Win32\Release\cl.command.1.tlog
C:\Users\Ferda\Documents\Kinect2\trunk\build\Win32\Release\CL.read.1.tlog
C:\Users\Ferda\Documents\Kinect2\trunk\build\Win32\Release\CL.write.1.tlog
C:\Users\Ferda\Documents\Kinect2\trunk\build\Win32\Release\Lib-link.read.1.tlog
C:\Users\Ferda\Documents\Kinect2\trunk\build\Win32\Release\Lib-link.write.1.tlog
C:\Users\Ferda\Documents\Kinect2\trunk\build\Win32\Release\lib.command.1.tlog
C:\Users\Ferda\Documents\Kinect2\trunk\build\Win32\Release\vc110.pdb
